build/app/intermediates/manifest_merge_blame_file/debug/manifest-merger-blame-debug-report.txt
1<?xml version="1.0" encoding="utf-8"?>
2<manifest xmlns:android="http://schemas.android.com/apk/res/android"
3    package="com.chuangzhihui.scrm"
4    android:versionCode="5"
5    android:versionName="1.0.1" >
6
7    <uses-sdk
8        android:minSdkVersion="21"
9        android:targetSdkVersion="29" />
10    <!--
11         Flutter needs it to communicate with the running application
12         to allow setting breakpoints, to provide hot reload, etc.
13    -->
14    <uses-permission android:name="android.permission.INTERNET" />
14-->src/main/AndroidManifest.xml:12:5-66
14-->src/main/AndroidManifest.xml:12:22-64
15    <!--
16     io.flutter.app.FlutterApplication is an android.app.Application that
17         calls FlutterMain.startInitialization(this); in its onCreate method.
18         In most cases you can leave this as-is, but you if you want to provide
19         additional functionality it is fine to subclass or reimplement
20         FlutterApplication and put your custom class here.
21    -->
22    <uses-permission android:name="android.permission.CAMERA" />
22-->src/main/AndroidManifest.xml:11:5-64
22-->src/main/AndroidManifest.xml:11:22-62
23    <uses-permission android:name="android.permission.WRITE_EXTERNAL_STORAGE" />
23-->src/main/AndroidManifest.xml:13:5-81
23-->src/main/AndroidManifest.xml:13:22-78
24    <uses-permission android:name="android.permission.READ_EXTERNAL_STORAGE" />
24-->src/main/AndroidManifest.xml:14:5-80
24-->src/main/AndroidManifest.xml:14:22-77
25    <uses-permission android:name="android.permission.VIBRATE" />
25-->[:ExLprSDK:] AndroidManifest.xml:12:5-66
25-->[:ExLprSDK:] AndroidManifest.xml:12:22-63
26    <uses-permission android:name="android.permission.FLASHLIGHT" />
26-->[:ExLprSDK:] AndroidManifest.xml:13:5-69
26-->[:ExLprSDK:] AndroidManifest.xml:13:22-66
27    <uses-permission android:name="android.permission.MOUNT_UNMOUNT_FILESYSTEMS" />
27-->[:ExLprSDK:] AndroidManifest.xml:15:5-84
27-->[:ExLprSDK:] AndroidManifest.xml:15:22-81
28
29    <uses-feature android:name="android.hardware.camera" />
29-->[:ExLprSDK:] AndroidManifest.xml:17:5-60
29-->[:ExLprSDK:] AndroidManifest.xml:17:19-57
30    <uses-feature android:name="android.hardware.camera.autofocus" />
30-->[:ExLprSDK:] AndroidManifest.xml:18:5-70
30-->[:ExLprSDK:] AndroidManifest.xml:18:19-67
31
32    <uses-permission android:name="android.permission.ACCESS_NETWORK_STATE" />
32-->[:fluwx] AndroidManifest.xml:8:5-79
32-->[:fluwx] AndroidManifest.xml:8:22-76
33    <uses-permission android:name="android.permission.ACCESS_WIFI_STATE" />
33-->[:fluwx] AndroidManifest.xml:9:5-76
33-->[:fluwx] AndroidManifest.xml:9:22-73
34    <uses-permission android:name="android.permission.RECORD_AUDIO" />
34-->[:camera] AndroidManifest.xml:8:5-71
34-->[:camera] AndroidManifest.xml:8:22-68
35    <uses-permission android:name="android.permission.READ_PHONE_STATE" />
35-->[:tobias] AndroidManifest.xml:10:5-75
35-->[:tobias] AndroidManifest.xml:10:22-72
36
37    <supports-screens
37-->[alipaySdk-15.7.3-20200217092949-noUtdid.aar] AndroidManifest.xml:11:5-16:39
38        android:anyDensity="true"
38-->[alipaySdk-15.7.3-20200217092949-noUtdid.aar] AndroidManifest.xml:12:9-34
39        android:largeScreens="true"
39-->[alipaySdk-15.7.3-20200217092949-noUtdid.aar] AndroidManifest.xml:13:9-36
40        android:normalScreens="true"
40-->[alipaySdk-15.7.3-20200217092949-noUtdid.aar] AndroidManifest.xml:14:9-37
41        android:resizeable="true"
41-->[alipaySdk-15.7.3-20200217092949-noUtdid.aar] AndroidManifest.xml:15:9-34
42        android:smallScreens="true" />
42-->[alipaySdk-15.7.3-20200217092949-noUtdid.aar] AndroidManifest.xml:16:9-36
43
44    <application
44-->src/main/AndroidManifest.xml:16:5-40:19
45        android:name="io.flutter.app.FlutterApplication"
45-->src/main/AndroidManifest.xml:17:9-57
46        android:appComponentFactory="androidx.core.app.CoreComponentFactory"
46-->[androidx.core:core:1.1.0] AndroidManifest.xml:24:18-86
47        android:debuggable="true"
48        android:icon="@mipmap/logo_b"
48-->src/main/AndroidManifest.xml:20:9-38
49        android:label="flutter财神驾到"
49-->src/main/AndroidManifest.xml:18:9-36
50        android:supportsRtl="true" >
50-->[:ExLprSDK:] AndroidManifest.xml:22:9-35
51        <activity
51-->src/main/AndroidManifest.xml:21:9-39:20
52            android:name="com.chuangzhihui.scrm.MainActivity"
52-->src/main/AndroidManifest.xml:22:13-41
53            android:configChanges="orientation|keyboardHidden|keyboard|screenSize|locale|layoutDirection|fontScale|screenLayout|density|uiMode"
53-->src/main/AndroidManifest.xml:25:13-144
54            android:hardwareAccelerated="true"
54-->src/main/AndroidManifest.xml:26:13-47
55            android:launchMode="singleTop"
55-->src/main/AndroidManifest.xml:23:13-43
56            android:theme="@style/LaunchTheme"
56-->src/main/AndroidManifest.xml:24:13-47
57            android:windowSoftInputMode="adjustResize" >
57-->src/main/AndroidManifest.xml:27:13-55
58
59            <!--
60                 This keeps the window background of the activity showing
61                 until Flutter renders its first frame. It can be removed if
62                 there is no splash screen (such as the default splash screen
63                 defined in @style/LaunchTheme).
64            -->
65            <meta-data
65-->src/main/AndroidManifest.xml:32:13-34:40
66                android:name="io.flutter.app.android.SplashScreenUntilFirstFrame"
66-->src/main/AndroidManifest.xml:33:17-82
67                android:value="true" />
67-->src/main/AndroidManifest.xml:34:17-37
68
69            <intent-filter>
69-->src/main/AndroidManifest.xml:35:13-38:29
70                <action android:name="android.intent.action.MAIN" />
70-->src/main/AndroidManifest.xml:36:17-68
70-->src/main/AndroidManifest.xml:36:25-66
71
72                <category android:name="android.intent.category.LAUNCHER" />
72-->src/main/AndroidManifest.xml:37:17-76
72-->src/main/AndroidManifest.xml:37:27-74
73            </intent-filter>
74        </activity>
75        <activity
75-->[:ExLprSDK:] AndroidManifest.xml:23:9-26:52
76            android:name="exocr.lpr.CardRecoActivity"
76-->[:ExLprSDK:] AndroidManifest.xml:24:13-54
77            android:configChanges="screenSize|orientation"
77-->[:ExLprSDK:] AndroidManifest.xml:25:13-59
78            android:screenOrientation="portrait" />
78-->[:ExLprSDK:] AndroidManifest.xml:26:13-49
79        <activity
79-->[:ExCardSDK:] AndroidManifest.xml:23:9-28:63
80            android:name="exocr.vecard.CaptureActivity"
80-->[:ExCardSDK:] AndroidManifest.xml:24:13-56
81            android:configChanges="orientation|keyboardHidden|screenSize"
81-->[:ExCardSDK:] AndroidManifest.xml:25:13-74
82            android:screenOrientation="landscape"
82-->[:ExCardSDK:] AndroidManifest.xml:26:13-50
83            android:theme="@android:style/Theme.NoTitleBar.Fullscreen"
83-->[:ExCardSDK:] AndroidManifest.xml:27:13-71
84            android:windowSoftInputMode="stateAlwaysHidden" />
84-->[:ExCardSDK:] AndroidManifest.xml:28:13-60
85        <activity
85-->[:ExCardSDK:] AndroidManifest.xml:29:9-34:63
86            android:name="exocr.drcard.CaptureActivity"
86-->[:ExCardSDK:] AndroidManifest.xml:30:13-56
87            android:configChanges="orientation|keyboardHidden|screenSize"
87-->[:ExCardSDK:] AndroidManifest.xml:31:13-74
88            android:screenOrientation="landscape"
88-->[:ExCardSDK:] AndroidManifest.xml:32:13-50
89            android:theme="@android:style/Theme.NoTitleBar.Fullscreen"
89-->[:ExCardSDK:] AndroidManifest.xml:33:13-71
90            android:windowSoftInputMode="stateAlwaysHidden" />
90-->[:ExCardSDK:] AndroidManifest.xml:34:13-60
91        <activity
91-->[:ExCardSDK:] AndroidManifest.xml:35:9-40:63
92            android:name="exocr.idcard.CaptureActivity"
92-->[:ExCardSDK:] AndroidManifest.xml:36:13-56
93            android:configChanges="orientation|keyboardHidden|screenSize"
93-->[:ExCardSDK:] AndroidManifest.xml:37:13-74
94            android:screenOrientation="landscape"
94-->[:ExCardSDK:] AndroidManifest.xml:38:13-50
95            android:theme="@android:style/Theme.NoTitleBar.Fullscreen"
95-->[:ExCardSDK:] AndroidManifest.xml:39:13-71
96            android:windowSoftInputMode="stateAlwaysHidden" />
96-->[:ExCardSDK:] AndroidManifest.xml:40:13-60
97        <activity
97-->[:ExCardSDK:] AndroidManifest.xml:41:9-46:63
98            android:name="exocr.cardrec.CaptureActivity"
98-->[:ExCardSDK:] AndroidManifest.xml:42:13-57
99            android:configChanges="orientation|keyboardHidden|screenSize"
99-->[:ExCardSDK:] AndroidManifest.xml:43:13-74
100            android:screenOrientation="landscape"
100-->[:ExCardSDK:] AndroidManifest.xml:44:13-50
101            android:theme="@android:style/Theme.NoTitleBar.Fullscreen"
101-->[:ExCardSDK:] AndroidManifest.xml:45:13-71
102            android:windowSoftInputMode="stateAlwaysHidden" />
102-->[:ExCardSDK:] AndroidManifest.xml:46:13-60
103        <activity android:name="exocr.form.CardRecoActivity" />
103-->[:ExCardSDK:] AndroidManifest.xml:47:9-64
103-->[:ExCardSDK:] AndroidManifest.xml:47:19-61
104
105        <provider
105-->[:image_picker] AndroidManifest.xml:11:9-19:20
106            android:name="io.flutter.plugins.imagepicker.ImagePickerFileProvider"
106-->[:image_picker] AndroidManifest.xml:12:13-82
107            android:authorities="com.chuangzhihui.scrm.flutter.image_provider"
107-->[:image_picker] AndroidManifest.xml:13:13-74
108            android:exported="false"
108-->[:image_picker] AndroidManifest.xml:14:13-37
109            android:grantUriPermissions="true" >
109-->[:image_picker] AndroidManifest.xml:15:13-47
110            <meta-data
110-->[:image_picker] AndroidManifest.xml:16:13-18:75
111                android:name="android.support.FILE_PROVIDER_PATHS"
111-->[:image_picker] AndroidManifest.xml:17:17-67
112                android:resource="@xml/flutter_image_picker_file_paths" />
112-->[:image_picker] AndroidManifest.xml:18:17-72
113        </provider>
114
115        <activity
115-->[:fluwx] AndroidManifest.xml:12:9-15:58
116            android:name="com.jarvan.fluwx.wxapi.WXEntryActivity"
116-->[:fluwx] AndroidManifest.xml:13:13-66
117            android:launchMode="singleTask"
117-->[:fluwx] AndroidManifest.xml:14:13-44
118            android:theme="@style/DisablePreviewTheme" />
118-->[:fluwx] AndroidManifest.xml:15:13-55
119
120        <activity-alias
120-->[:fluwx] AndroidManifest.xml:17:9-30:26
121            android:name="com.chuangzhihui.scrm.wxapi.WXEntryActivity"
121-->[:fluwx] AndroidManifest.xml:18:13-66
122            android:exported="true"
122-->[:fluwx] AndroidManifest.xml:19:13-36
123            android:launchMode="singleTop"
123-->[:fluwx] AndroidManifest.xml:20:13-43
124            android:targetActivity="com.jarvan.fluwx.wxapi.WXEntryActivity"
124-->[:fluwx] AndroidManifest.xml:21:13-76
125            android:theme="@style/DisablePreviewTheme" >
125-->[:fluwx] AndroidManifest.xml:22:13-55
126            <intent-filter>
126-->[:fluwx] AndroidManifest.xml:23:13-29:29
127                <action android:name="android.intent.action.VIEW" />
127-->[:fluwx] AndroidManifest.xml:24:17-69
127-->[:fluwx] AndroidManifest.xml:24:25-66
128
129                <category android:name="android.intent.category.DEFAULT" />
129-->[:fluwx] AndroidManifest.xml:26:17-76
129-->[:fluwx] AndroidManifest.xml:26:27-73
130
131                <data android:scheme="sdksample" />
131-->[:fluwx] AndroidManifest.xml:28:17-52
131-->[:fluwx] AndroidManifest.xml:28:23-49
132            </intent-filter>
133        </activity-alias>
134
135        <activity
135-->[:fluwx] AndroidManifest.xml:32:9-35:58
136            android:name="com.jarvan.fluwx.wxapi.WXPayEntryActivity"
136-->[:fluwx] AndroidManifest.xml:33:13-69
137            android:launchMode="singleTask"
137-->[:fluwx] AndroidManifest.xml:34:13-44
138            android:theme="@style/DisablePreviewTheme" />
138-->[:fluwx] AndroidManifest.xml:35:13-55
139
140        <activity-alias
140-->[:fluwx] AndroidManifest.xml:37:9-50:26
141            android:name="com.chuangzhihui.scrm.wxapi.WXPayEntryActivity"
141-->[:fluwx] AndroidManifest.xml:38:13-69
142            android:exported="true"
142-->[:fluwx] AndroidManifest.xml:39:13-36
143            android:launchMode="singleInstance"
143-->[:fluwx] AndroidManifest.xml:40:13-48
144            android:targetActivity="com.jarvan.fluwx.wxapi.WXPayEntryActivity"
144-->[:fluwx] AndroidManifest.xml:41:13-79
145            android:theme="@style/DisablePreviewTheme" >
145-->[:fluwx] AndroidManifest.xml:42:13-55
146            <intent-filter>
146-->[:fluwx] AndroidManifest.xml:23:13-29:29
147                <action android:name="android.intent.action.VIEW" />
147-->[:fluwx] AndroidManifest.xml:24:17-69
147-->[:fluwx] AndroidManifest.xml:24:25-66
148
149                <category android:name="android.intent.category.DEFAULT" />
149-->[:fluwx] AndroidManifest.xml:26:17-76
149-->[:fluwx] AndroidManifest.xml:26:27-73
150
151                <data android:scheme="sdksample" />
151-->[:fluwx] AndroidManifest.xml:28:17-52
151-->[:fluwx] AndroidManifest.xml:28:23-49
152            </intent-filter>
153        </activity-alias>
154
155        <activity
155-->[:url_launcher] AndroidManifest.xml:8:9-11:74
156            android:name="io.flutter.plugins.urllauncher.WebViewActivity"
156-->[:url_launcher] AndroidManifest.xml:9:13-74
157            android:exported="false"
157-->[:url_launcher] AndroidManifest.xml:10:13-37
158            android:theme="@android:style/Theme.NoTitleBar.Fullscreen" />
158-->[:url_launcher] AndroidManifest.xml:11:13-71
159
160        <uses-library
160-->[alipaySdk-15.7.3-20200217092949-noUtdid.aar] AndroidManifest.xml:23:9-25:40
161            android:name="org.apache.http.legacy"
161-->[alipaySdk-15.7.3-20200217092949-noUtdid.aar] AndroidManifest.xml:24:13-50
162            android:required="false" />
162-->[alipaySdk-15.7.3-20200217092949-noUtdid.aar] AndroidManifest.xml:25:13-37
163
164        <activity
164-->[alipaySdk-15.7.3-20200217092949-noUtdid.aar] AndroidManifest.xml:27:9-31:20
165            android:name="com.alipay.sdk.app.H5PayActivity"
165-->[alipaySdk-15.7.3-20200217092949-noUtdid.aar] AndroidManifest.xml:28:13-60
166            android:configChanges="orientation|keyboardHidden|navigation|screenSize"
166-->[alipaySdk-15.7.3-20200217092949-noUtdid.aar] AndroidManifest.xml:29:13-85
167            android:exported="false" >
167-->[alipaySdk-15.7.3-20200217092949-noUtdid.aar] AndroidManifest.xml:30:13-37
168        </activity>
169        <activity
169-->[alipaySdk-15.7.3-20200217092949-noUtdid.aar] AndroidManifest.xml:32:9-36:20
170            android:name="com.alipay.sdk.app.H5AuthActivity"
170-->[alipaySdk-15.7.3-20200217092949-noUtdid.aar] AndroidManifest.xml:33:13-61
171            android:configChanges="orientation|keyboardHidden|navigation|screenSize"
171-->[alipaySdk-15.7.3-20200217092949-noUtdid.aar] AndroidManifest.xml:34:13-85
172            android:exported="false" >
172-->[alipaySdk-15.7.3-20200217092949-noUtdid.aar] AndroidManifest.xml:35:13-37
173        </activity>
174        <activity
174-->[alipaySdk-15.7.3-20200217092949-noUtdid.aar] AndroidManifest.xml:37:9-46:20
175            android:name="com.alipay.sdk.app.PayResultActivity"
175-->[alipaySdk-15.7.3-20200217092949-noUtdid.aar] AndroidManifest.xml:38:13-64
176            android:configChanges="orientation|keyboardHidden|navigation|screenSize"
176-->[alipaySdk-15.7.3-20200217092949-noUtdid.aar] AndroidManifest.xml:39:13-85
177            android:exported="true"
177-->[alipaySdk-15.7.3-20200217092949-noUtdid.aar] AndroidManifest.xml:40:13-36
178            android:launchMode="singleInstance"
178-->[alipaySdk-15.7.3-20200217092949-noUtdid.aar] AndroidManifest.xml:41:13-48
179            android:theme="@android:style/Theme.Translucent.NoTitleBar" >
179-->[alipaySdk-15.7.3-20200217092949-noUtdid.aar] AndroidManifest.xml:42:13-72
180            <intent-filter>
180-->[alipaySdk-15.7.3-20200217092949-noUtdid.aar] AndroidManifest.xml:43:13-45:29
181                <category android:name="android.intent.category.DEFAULT" />
181-->[:fluwx] AndroidManifest.xml:26:17-76
181-->[:fluwx] AndroidManifest.xml:26:27-73
182            </intent-filter>
183        </activity>
184        <activity
184-->[alipaySdk-15.7.3-20200217092949-noUtdid.aar] AndroidManifest.xml:47:9-52:20
185            android:name="com.alipay.sdk.app.AlipayResultActivity"
185-->[alipaySdk-15.7.3-20200217092949-noUtdid.aar] AndroidManifest.xml:48:13-67
186            android:exported="true"
186-->[alipaySdk-15.7.3-20200217092949-noUtdid.aar] AndroidManifest.xml:49:13-36
187            android:launchMode="singleTask"
187-->[alipaySdk-15.7.3-20200217092949-noUtdid.aar] AndroidManifest.xml:50:13-44
188            android:theme="@android:style/Theme.Translucent.NoTitleBar" >
188-->[alipaySdk-15.7.3-20200217092949-noUtdid.aar] AndroidManifest.xml:51:13-72
189        </activity>
190        <activity
190-->[alipaySdk-15.7.3-20200217092949-noUtdid.aar] AndroidManifest.xml:53:9-59:20
191            android:name="com.alipay.sdk.app.H5OpenAuthActivity"
191-->[alipaySdk-15.7.3-20200217092949-noUtdid.aar] AndroidManifest.xml:54:13-65
192            android:configChanges="orientation|keyboardHidden|navigation|screenSize"
192-->[alipaySdk-15.7.3-20200217092949-noUtdid.aar] AndroidManifest.xml:55:13-85
193            android:exported="false"
193-->[alipaySdk-15.7.3-20200217092949-noUtdid.aar] AndroidManifest.xml:56:13-37
194            android:screenOrientation="behind"
194-->[alipaySdk-15.7.3-20200217092949-noUtdid.aar] AndroidManifest.xml:57:13-47
195            android:windowSoftInputMode="adjustResize|stateHidden" >
195-->[alipaySdk-15.7.3-20200217092949-noUtdid.aar] AndroidManifest.xml:58:13-67
196        </activity>
197    </application>
198
199</manifest>